2026-02-05 12:13:02 [ERROR] app.main: Unhandled exception on DELETE /api/v1/proposals/8df59fb7-1ea0-4d91-b1ea-41282aa183b6
Traceback (most recent call last):
  File "/Users/nicolasbertoni/safetasks-v3/backend/.venv/lib/python3.12/site-packages/sqlalchemy/dialects/postgresql/asyncpg.py", line 534, in _prepare_and_execute
    self._rows = deque(await prepared_stmt.fetch(*parameters))
                       ^^^^^^^^^^^^^^^^^^^^^^^^^^^^^^^^^^^^^^
  File "/Users/nicolasbertoni/safetasks-v3/backend/.venv/lib/python3.12/site-packages/asyncpg/prepared_stmt.py", line 176, in fetch
    data = await self.__bind_execute(args, 0, timeout)
           ^^^^^^^^^^^^^^^^^^^^^^^^^^^^^^^^^^^^^^^^^^^
  File "/Users/nicolasbertoni/safetasks-v3/backend/.venv/lib/python3.12/site-packages/asyncpg/prepared_stmt.py", line 267, in __bind_execute
    data, status, _ = await self.__do_execute(
                      ^^^^^^^^^^^^^^^^^^^^^^^^
  File "/Users/nicolasbertoni/safetasks-v3/backend/.venv/lib/python3.12/site-packages/asyncpg/prepared_stmt.py", line 256, in __do_execute
    return await executor(protocol)
           ^^^^^^^^^^^^^^^^^^^^^^^^
  File "asyncpg/protocol/protocol.pyx", line 206, in bind_execute
asyncpg.exceptions.ForeignKeyViolationError: update or delete on table "proposals" violates foreign key constraint "fk_invoices_proposal_id" on table "invoices"
DETAIL:  Key (id)=(8df59fb7-1ea0-4d91-b1ea-41282aa183b6) is still referenced from table "invoices".

The above exception was the direct cause of the following exception:

Traceback (most recent call last):
  File "/Users/nicolasbertoni/safetasks-v3/backend/.venv/lib/python3.12/site-packages/sqlalchemy/engine/base.py", line 1967, in _exec_single_context
    self.dialect.do_execute(
  File "/Users/nicolasbertoni/safetasks-v3/backend/.venv/lib/python3.12/site-packages/sqlalchemy/engine/default.py", line 941, in do_execute
    cursor.execute(statement, parameters)
  File "/Users/nicolasbertoni/safetasks-v3/backend/.venv/lib/python3.12/site-packages/sqlalchemy/dialects/postgresql/asyncpg.py", line 568, in execute
    self._adapt_connection.await_(
  File "/Users/nicolasbertoni/safetasks-v3/backend/.venv/lib/python3.12/site-packages/sqlalchemy/util/_concurrency_py3k.py", line 132, in await_only
    return current.parent.switch(awaitable)  # type: ignore[no-any-return,attr-defined] # noqa: E501
           ^^^^^^^^^^^^^^^^^^^^^^^^^^^^^^^^
  File "/Users/nicolasbertoni/safetasks-v3/backend/.venv/lib/python3.12/site-packages/sqlalchemy/util/_concurrency_py3k.py", line 196, in greenlet_spawn
    value = await result
            ^^^^^^^^^^^^
  File "/Users/nicolasbertoni/safetasks-v3/backend/.venv/lib/python3.12/site-packages/sqlalchemy/dialects/postgresql/asyncpg.py", line 546, in _prepare_and_execute
    self._handle_exception(error)
  File "/Users/nicolasbertoni/safetasks-v3/backend/.venv/lib/python3.12/site-packages/sqlalchemy/dialects/postgresql/asyncpg.py", line 497, in _handle_exception
    self._adapt_connection._handle_exception(error)
  File "/Users/nicolasbertoni/safetasks-v3/backend/.venv/lib/python3.12/site-packages/sqlalchemy/dialects/postgresql/asyncpg.py", line 780, in _handle_exception
    raise translated_error from error
sqlalchemy.dialects.postgresql.asyncpg.AsyncAdapt_asyncpg_dbapi.IntegrityError: <class 'asyncpg.exceptions.ForeignKeyViolationError'>: update or delete on table "proposals" violates foreign key constraint "fk_invoices_proposal_id" on table "invoices"
DETAIL:  Key (id)=(8df59fb7-1ea0-4d91-b1ea-41282aa183b6) is still referenced from table "invoices".

The above exception was the direct cause of the following exception:

Traceback (most recent call last):
  File "/Users/nicolasbertoni/safetasks-v3/backend/app/main.py", line 71, in log_requests
    response = await call_next(request)
               ^^^^^^^^^^^^^^^^^^^^^^^^
  File "/Users/nicolasbertoni/safetasks-v3/backend/.venv/lib/python3.12/site-packages/starlette/middleware/base.py", line 163, in call_next
    raise app_exc
  File "/Users/nicolasbertoni/safetasks-v3/backend/.venv/lib/python3.12/site-packages/starlette/middleware/base.py", line 149, in coro
    await self.app(scope, receive_or_disconnect, send_no_error)
  File "/Users/nicolasbertoni/safetasks-v3/backend/.venv/lib/python3.12/site-packages/starlette/middleware/exceptions.py", line 62, in __call__
    await wrap_app_handling_exceptions(self.app, conn)(scope, receive, send)
  File "/Users/nicolasbertoni/safetasks-v3/backend/.venv/lib/python3.12/site-packages/starlette/_exception_handler.py", line 53, in wrapped_app
    raise exc
  File "/Users/nicolasbertoni/safetasks-v3/backend/.venv/lib/python3.12/site-packages/starlette/_exception_handler.py", line 42, in wrapped_app
    await app(scope, receive, sender)
  File "/Users/nicolasbertoni/safetasks-v3/backend/.venv/lib/python3.12/site-packages/starlette/routing.py", line 715, in __call__
    await self.middleware_stack(scope, receive, send)
  File "/Users/nicolasbertoni/safetasks-v3/backend/.venv/lib/python3.12/site-packages/starlette/routing.py", line 735, in app
    await route.handle(scope, receive, send)
  File "/Users/nicolasbertoni/safetasks-v3/backend/.venv/lib/python3.12/site-packages/starlette/routing.py", line 288, in handle
    await self.app(scope, receive, send)
  File "/Users/nicolasbertoni/safetasks-v3/backend/.venv/lib/python3.12/site-packages/starlette/routing.py", line 76, in app
    await wrap_app_handling_exceptions(app, request)(scope, receive, send)
  File "/Users/nicolasbertoni/safetasks-v3/backend/.venv/lib/python3.12/site-packages/starlette/_exception_handler.py", line 53, in wrapped_app
    raise exc
  File "/Users/nicolasbertoni/safetasks-v3/backend/.venv/lib/python3.12/site-packages/starlette/_exception_handler.py", line 42, in wrapped_app
    await app(scope, receive, sender)
  File "/Users/nicolasbertoni/safetasks-v3/backend/.venv/lib/python3.12/site-packages/starlette/routing.py", line 73, in app
    response = await f(request)
               ^^^^^^^^^^^^^^^^
  File "/Users/nicolasbertoni/safetasks-v3/backend/.venv/lib/python3.12/site-packages/fastapi/routing.py", line 301, in app
    raw_response = await run_endpoint_function(
                   ^^^^^^^^^^^^^^^^^^^^^^^^^^^^
  File "/Users/nicolasbertoni/safetasks-v3/backend/.venv/lib/python3.12/site-packages/fastapi/routing.py", line 212, in run_endpoint_function
    return await dependant.call(**values)
           ^^^^^^^^^^^^^^^^^^^^^^^^^^^^^^
  File "/Users/nicolasbertoni/safetasks-v3/backend/app/api/v1/endpoints/proposals.py", line 183, in delete_proposal
    proposal = await proposal_service.remove(
               ^^^^^^^^^^^^^^^^^^^^^^^^^^^^^^
  File "/Users/nicolasbertoni/safetasks-v3/backend/app/modules/commercial/service.py", line 562, in remove
    await super().remove(db=db, organization_id=organization_id, id=id)
  File "/Users/nicolasbertoni/safetasks-v3/backend/app/services/base.py", line 142, in remove
    await db.execute(query)
  File "/Users/nicolasbertoni/safetasks-v3/backend/.venv/lib/python3.12/site-packages/sqlalchemy/ext/asyncio/session.py", line 461, in execute
    result = await greenlet_spawn(
             ^^^^^^^^^^^^^^^^^^^^^
  File "/Users/nicolasbertoni/safetasks-v3/backend/.venv/lib/python3.12/site-packages/sqlalchemy/util/_concurrency_py3k.py", line 201, in greenlet_spawn
    result = context.throw(*sys.exc_info())
             ^^^^^^^^^^^^^^^^^^^^^^^^^^^^^^
  File "/Users/nicolasbertoni/safetasks-v3/backend/.venv/lib/python3.12/site-packages/sqlalchemy/orm/session.py", line 2362, in execute
    return self._execute_internal(
           ^^^^^^^^^^^^^^^^^^^^^^^
  File "/Users/nicolasbertoni/safetasks-v3/backend/.venv/lib/python3.12/site-packages/sqlalchemy/orm/session.py", line 2247, in _execute_internal
    result: Result[Any] = compile_state_cls.orm_execute_statement(
                          ^^^^^^^^^^^^^^^^^^^^^^^^^^^^^^^^^^^^^^^^
  File "/Users/nicolasbertoni/safetasks-v3/backend/.venv/lib/python3.12/site-packages/sqlalchemy/orm/bulk_persistence.py", line 2021, in orm_execute_statement
    return super().orm_execute_statement(
           ^^^^^^^^^^^^^^^^^^^^^^^^^^^^^^
  File "/Users/nicolasbertoni/safetasks-v3/backend/.venv/lib/python3.12/site-packages/sqlalchemy/orm/context.py", line 305, in orm_execute_statement
    result = conn.execute(
             ^^^^^^^^^^^^^
  File "/Users/nicolasbertoni/safetasks-v3/backend/.venv/lib/python3.12/site-packages/sqlalchemy/engine/base.py", line 1418, in execute
    return meth(
           ^^^^^
  File "/Users/nicolasbertoni/safetasks-v3/backend/.venv/lib/python3.12/site-packages/sqlalchemy/sql/elements.py", line 515, in _execute_on_connection
    return connection._execute_clauseelement(
           ^^^^^^^^^^^^^^^^^^^^^^^^^^^^^^^^^^
  File "/Users/nicolasbertoni/safetasks-v3/backend/.venv/lib/python3.12/site-packages/sqlalchemy/engine/base.py", line 1640, in _execute_clauseelement
    ret = self._execute_context(
          ^^^^^^^^^^^^^^^^^^^^^^
  File "/Users/nicolasbertoni/safetasks-v3/backend/.venv/lib/python3.12/site-packages/sqlalchemy/engine/base.py", line 1846, in _execute_context
    return self._exec_single_context(
           ^^^^^^^^^^^^^^^^^^^^^^^^^^
  File "/Users/nicolasbertoni/safetasks-v3/backend/.venv/lib/python3.12/site-packages/sqlalchemy/engine/base.py", line 1986, in _exec_single_context
    self._handle_dbapi_exception(
  File "/Users/nicolasbertoni/safetasks-v3/backend/.venv/lib/python3.12/site-packages/sqlalchemy/engine/base.py", line 2355, in _handle_dbapi_exception
    raise sqlalchemy_exception.with_traceback(exc_info[2]) from e
  File "/Users/nicolasbertoni/safetasks-v3/backend/.venv/lib/python3.12/site-packages/sqlalchemy/engine/base.py", line 1967, in _exec_single_context
    self.dialect.do_execute(
  File "/Users/nicolasbertoni/safetasks-v3/backend/.venv/lib/python3.12/site-packages/sqlalchemy/engine/default.py", line 941, in do_execute
    cursor.execute(statement, parameters)
  File "/Users/nicolasbertoni/safetasks-v3/backend/.venv/lib/python3.12/site-packages/sqlalchemy/dialects/postgresql/asyncpg.py", line 568, in execute
    self._adapt_connection.await_(
  File "/Users/nicolasbertoni/safetasks-v3/backend/.venv/lib/python3.12/site-packages/sqlalchemy/util/_concurrency_py3k.py", line 132, in await_only
    return current.parent.switch(awaitable)  # type: ignore[no-any-return,attr-defined] # noqa: E501
           ^^^^^^^^^^^^^^^^^^^^^^^^^^^^^^^^
  File "/Users/nicolasbertoni/safetasks-v3/backend/.venv/lib/python3.12/site-packages/sqlalchemy/util/_concurrency_py3k.py", line 196, in greenlet_spawn
    value = await result
            ^^^^^^^^^^^^
  File "/Users/nicolasbertoni/safetasks-v3/backend/.venv/lib/python3.12/site-packages/sqlalchemy/dialects/postgresql/asyncpg.py", line 546, in _prepare_and_execute
    self._handle_exception(error)
  File "/Users/nicolasbertoni/safetasks-v3/backend/.venv/lib/python3.12/site-packages/sqlalchemy/dialects/postgresql/asyncpg.py", line 497, in _handle_exception
    self._adapt_connection._handle_exception(error)
  File "/Users/nicolasbertoni/safetasks-v3/backend/.venv/lib/python3.12/site-packages/sqlalchemy/dialects/postgresql/asyncpg.py", line 780, in _handle_exception
    raise translated_error from error
sqlalchemy.exc.IntegrityError: (sqlalchemy.dialects.postgresql.asyncpg.IntegrityError) <class 'asyncpg.exceptions.ForeignKeyViolationError'>: update or delete on table "proposals" violates foreign key constraint "fk_invoices_proposal_id" on table "invoices"
DETAIL:  Key (id)=(8df59fb7-1ea0-4d91-b1ea-41282aa183b6) is still referenced from table "invoices".
[SQL: DELETE FROM proposals WHERE proposals.id = $1::UUID AND proposals.organization_id = $2::UUID]
[parameters: (UUID('8df59fb7-1ea0-4d91-b1ea-41282aa183b6'), UUID('4384a92c-df41-444b-b34d-6c80e7820486'))]
(Background on this error at: https://sqlalche.me/e/20/gkpj)
2026-02-05 12:13:09 [ERROR] app.main: Unhandled exception on DELETE /api/v1/proposals/8df59fb7-1ea0-4d91-b1ea-41282aa183b6
Traceback (most recent call last):
  File "/Users/nicolasbertoni/safetasks-v3/backend/.venv/lib/python3.12/site-packages/sqlalchemy/dialects/postgresql/asyncpg.py", line 534, in _prepare_and_execute
    self._rows = deque(await prepared_stmt.fetch(*parameters))
                       ^^^^^^^^^^^^^^^^^^^^^^^^^^^^^^^^^^^^^^
  File "/Users/nicolasbertoni/safetasks-v3/backend/.venv/lib/python3.12/site-packages/asyncpg/prepared_stmt.py", line 176, in fetch
    data = await self.__bind_execute(args, 0, timeout)
           ^^^^^^^^^^^^^^^^^^^^^^^^^^^^^^^^^^^^^^^^^^^
  File "/Users/nicolasbertoni/safetasks-v3/backend/.venv/lib/python3.12/site-packages/asyncpg/prepared_stmt.py", line 267, in __bind_execute
    data, status, _ = await self.__do_execute(
                      ^^^^^^^^^^^^^^^^^^^^^^^^
  File "/Users/nicolasbertoni/safetasks-v3/backend/.venv/lib/python3.12/site-packages/asyncpg/prepared_stmt.py", line 256, in __do_execute
    return await executor(protocol)
           ^^^^^^^^^^^^^^^^^^^^^^^^
  File "asyncpg/protocol/protocol.pyx", line 206, in bind_execute
asyncpg.exceptions.ForeignKeyViolationError: update or delete on table "proposals" violates foreign key constraint "fk_invoices_proposal_id" on table "invoices"
DETAIL:  Key (id)=(8df59fb7-1ea0-4d91-b1ea-41282aa183b6) is still referenced from table "invoices".

The above exception was the direct cause of the following exception:

Traceback (most recent call last):
  File "/Users/nicolasbertoni/safetasks-v3/backend/.venv/lib/python3.12/site-packages/sqlalchemy/engine/base.py", line 1967, in _exec_single_context
    self.dialect.do_execute(
  File "/Users/nicolasbertoni/safetasks-v3/backend/.venv/lib/python3.12/site-packages/sqlalchemy/engine/default.py", line 941, in do_execute
    cursor.execute(statement, parameters)
  File "/Users/nicolasbertoni/safetasks-v3/backend/.venv/lib/python3.12/site-packages/sqlalchemy/dialects/postgresql/asyncpg.py", line 568, in execute
    self._adapt_connection.await_(
  File "/Users/nicolasbertoni/safetasks-v3/backend/.venv/lib/python3.12/site-packages/sqlalchemy/util/_concurrency_py3k.py", line 132, in await_only
    return current.parent.switch(awaitable)  # type: ignore[no-any-return,attr-defined] # noqa: E501
           ^^^^^^^^^^^^^^^^^^^^^^^^^^^^^^^^
  File "/Users/nicolasbertoni/safetasks-v3/backend/.venv/lib/python3.12/site-packages/sqlalchemy/util/_concurrency_py3k.py", line 196, in greenlet_spawn
    value = await result
            ^^^^^^^^^^^^
  File "/Users/nicolasbertoni/safetasks-v3/backend/.venv/lib/python3.12/site-packages/sqlalchemy/dialects/postgresql/asyncpg.py", line 546, in _prepare_and_execute
    self._handle_exception(error)
  File "/Users/nicolasbertoni/safetasks-v3/backend/.venv/lib/python3.12/site-packages/sqlalchemy/dialects/postgresql/asyncpg.py", line 497, in _handle_exception
    self._adapt_connection._handle_exception(error)
  File "/Users/nicolasbertoni/safetasks-v3/backend/.venv/lib/python3.12/site-packages/sqlalchemy/dialects/postgresql/asyncpg.py", line 780, in _handle_exception
    raise translated_error from error
sqlalchemy.dialects.postgresql.asyncpg.AsyncAdapt_asyncpg_dbapi.IntegrityError: <class 'asyncpg.exceptions.ForeignKeyViolationError'>: update or delete on table "proposals" violates foreign key constraint "fk_invoices_proposal_id" on table "invoices"
DETAIL:  Key (id)=(8df59fb7-1ea0-4d91-b1ea-41282aa183b6) is still referenced from table "invoices".

The above exception was the direct cause of the following exception:

Traceback (most recent call last):
  File "/Users/nicolasbertoni/safetasks-v3/backend/app/main.py", line 71, in log_requests
    response = await call_next(request)
               ^^^^^^^^^^^^^^^^^^^^^^^^
  File "/Users/nicolasbertoni/safetasks-v3/backend/.venv/lib/python3.12/site-packages/starlette/middleware/base.py", line 163, in call_next
    raise app_exc
  File "/Users/nicolasbertoni/safetasks-v3/backend/.venv/lib/python3.12/site-packages/starlette/middleware/base.py", line 149, in coro
    await self.app(scope, receive_or_disconnect, send_no_error)
  File "/Users/nicolasbertoni/safetasks-v3/backend/.venv/lib/python3.12/site-packages/starlette/middleware/exceptions.py", line 62, in __call__
    await wrap_app_handling_exceptions(self.app, conn)(scope, receive, send)
  File "/Users/nicolasbertoni/safetasks-v3/backend/.venv/lib/python3.12/site-packages/starlette/_exception_handler.py", line 53, in wrapped_app
    raise exc
  File "/Users/nicolasbertoni/safetasks-v3/backend/.venv/lib/python3.12/site-packages/starlette/_exception_handler.py", line 42, in wrapped_app
    await app(scope, receive, sender)
  File "/Users/nicolasbertoni/safetasks-v3/backend/.venv/lib/python3.12/site-packages/starlette/routing.py", line 715, in __call__
    await self.middleware_stack(scope, receive, send)
  File "/Users/nicolasbertoni/safetasks-v3/backend/.venv/lib/python3.12/site-packages/starlette/routing.py", line 735, in app
    await route.handle(scope, receive, send)
  File "/Users/nicolasbertoni/safetasks-v3/backend/.venv/lib/python3.12/site-packages/starlette/routing.py", line 288, in handle
    await self.app(scope, receive, send)
  File "/Users/nicolasbertoni/safetasks-v3/backend/.venv/lib/python3.12/site-packages/starlette/routing.py", line 76, in app
    await wrap_app_handling_exceptions(app, request)(scope, receive, send)
  File "/Users/nicolasbertoni/safetasks-v3/backend/.venv/lib/python3.12/site-packages/starlette/_exception_handler.py", line 53, in wrapped_app
    raise exc
  File "/Users/nicolasbertoni/safetasks-v3/backend/.venv/lib/python3.12/site-packages/starlette/_exception_handler.py", line 42, in wrapped_app
    await app(scope, receive, sender)
  File "/Users/nicolasbertoni/safetasks-v3/backend/.venv/lib/python3.12/site-packages/starlette/routing.py", line 73, in app
    response = await f(request)
               ^^^^^^^^^^^^^^^^
  File "/Users/nicolasbertoni/safetasks-v3/backend/.venv/lib/python3.12/site-packages/fastapi/routing.py", line 301, in app
    raw_response = await run_endpoint_function(
                   ^^^^^^^^^^^^^^^^^^^^^^^^^^^^
  File "/Users/nicolasbertoni/safetasks-v3/backend/.venv/lib/python3.12/site-packages/fastapi/routing.py", line 212, in run_endpoint_function
    return await dependant.call(**values)
           ^^^^^^^^^^^^^^^^^^^^^^^^^^^^^^
  File "/Users/nicolasbertoni/safetasks-v3/backend/app/api/v1/endpoints/proposals.py", line 183, in delete_proposal
    proposal = await proposal_service.remove(
               ^^^^^^^^^^^^^^^^^^^^^^^^^^^^^^
  File "/Users/nicolasbertoni/safetasks-v3/backend/app/modules/commercial/service.py", line 562, in remove
    await super().remove(db=db, organization_id=organization_id, id=id)
  File "/Users/nicolasbertoni/safetasks-v3/backend/app/services/base.py", line 142, in remove
    await db.execute(query)
  File "/Users/nicolasbertoni/safetasks-v3/backend/.venv/lib/python3.12/site-packages/sqlalchemy/ext/asyncio/session.py", line 461, in execute
    result = await greenlet_spawn(
             ^^^^^^^^^^^^^^^^^^^^^
  File "/Users/nicolasbertoni/safetasks-v3/backend/.venv/lib/python3.12/site-packages/sqlalchemy/util/_concurrency_py3k.py", line 201, in greenlet_spawn
    result = context.throw(*sys.exc_info())
             ^^^^^^^^^^^^^^^^^^^^^^^^^^^^^^
  File "/Users/nicolasbertoni/safetasks-v3/backend/.venv/lib/python3.12/site-packages/sqlalchemy/orm/session.py", line 2362, in execute
    return self._execute_internal(
           ^^^^^^^^^^^^^^^^^^^^^^^
  File "/Users/nicolasbertoni/safetasks-v3/backend/.venv/lib/python3.12/site-packages/sqlalchemy/orm/session.py", line 2247, in _execute_internal
    result: Result[Any] = compile_state_cls.orm_execute_statement(
                          ^^^^^^^^^^^^^^^^^^^^^^^^^^^^^^^^^^^^^^^^
  File "/Users/nicolasbertoni/safetasks-v3/backend/.venv/lib/python3.12/site-packages/sqlalchemy/orm/bulk_persistence.py", line 2021, in orm_execute_statement
    return super().orm_execute_statement(
           ^^^^^^^^^^^^^^^^^^^^^^^^^^^^^^
  File "/Users/nicolasbertoni/safetasks-v3/backend/.venv/lib/python3.12/site-packages/sqlalchemy/orm/context.py", line 305, in orm_execute_statement
    result = conn.execute(
             ^^^^^^^^^^^^^
  File "/Users/nicolasbertoni/safetasks-v3/backend/.venv/lib/python3.12/site-packages/sqlalchemy/engine/base.py", line 1418, in execute
    return meth(
           ^^^^^
  File "/Users/nicolasbertoni/safetasks-v3/backend/.venv/lib/python3.12/site-packages/sqlalchemy/sql/elements.py", line 515, in _execute_on_connection
    return connection._execute_clauseelement(
           ^^^^^^^^^^^^^^^^^^^^^^^^^^^^^^^^^^
  File "/Users/nicolasbertoni/safetasks-v3/backend/.venv/lib/python3.12/site-packages/sqlalchemy/engine/base.py", line 1640, in _execute_clauseelement
    ret = self._execute_context(
          ^^^^^^^^^^^^^^^^^^^^^^
  File "/Users/nicolasbertoni/safetasks-v3/backend/.venv/lib/python3.12/site-packages/sqlalchemy/engine/base.py", line 1846, in _execute_context
    return self._exec_single_context(
           ^^^^^^^^^^^^^^^^^^^^^^^^^^
  File "/Users/nicolasbertoni/safetasks-v3/backend/.venv/lib/python3.12/site-packages/sqlalchemy/engine/base.py", line 1986, in _exec_single_context
    self._handle_dbapi_exception(
  File "/Users/nicolasbertoni/safetasks-v3/backend/.venv/lib/python3.12/site-packages/sqlalchemy/engine/base.py", line 2355, in _handle_dbapi_exception
    raise sqlalchemy_exception.with_traceback(exc_info[2]) from e
  File "/Users/nicolasbertoni/safetasks-v3/backend/.venv/lib/python3.12/site-packages/sqlalchemy/engine/base.py", line 1967, in _exec_single_context
    self.dialect.do_execute(
  File "/Users/nicolasbertoni/safetasks-v3/backend/.venv/lib/python3.12/site-packages/sqlalchemy/engine/default.py", line 941, in do_execute
    cursor.execute(statement, parameters)
  File "/Users/nicolasbertoni/safetasks-v3/backend/.venv/lib/python3.12/site-packages/sqlalchemy/dialects/postgresql/asyncpg.py", line 568, in execute
    self._adapt_connection.await_(
  File "/Users/nicolasbertoni/safetasks-v3/backend/.venv/lib/python3.12/site-packages/sqlalchemy/util/_concurrency_py3k.py", line 132, in await_only
    return current.parent.switch(awaitable)  # type: ignore[no-any-return,attr-defined] # noqa: E501
           ^^^^^^^^^^^^^^^^^^^^^^^^^^^^^^^^
  File "/Users/nicolasbertoni/safetasks-v3/backend/.venv/lib/python3.12/site-packages/sqlalchemy/util/_concurrency_py3k.py", line 196, in greenlet_spawn
    value = await result
            ^^^^^^^^^^^^
  File "/Users/nicolasbertoni/safetasks-v3/backend/.venv/lib/python3.12/site-packages/sqlalchemy/dialects/postgresql/asyncpg.py", line 546, in _prepare_and_execute
    self._handle_exception(error)
  File "/Users/nicolasbertoni/safetasks-v3/backend/.venv/lib/python3.12/site-packages/sqlalchemy/dialects/postgresql/asyncpg.py", line 497, in _handle_exception
    self._adapt_connection._handle_exception(error)
  File "/Users/nicolasbertoni/safetasks-v3/backend/.venv/lib/python3.12/site-packages/sqlalchemy/dialects/postgresql/asyncpg.py", line 780, in _handle_exception
    raise translated_error from error
sqlalchemy.exc.IntegrityError: (sqlalchemy.dialects.postgresql.asyncpg.IntegrityError) <class 'asyncpg.exceptions.ForeignKeyViolationError'>: update or delete on table "proposals" violates foreign key constraint "fk_invoices_proposal_id" on table "invoices"
DETAIL:  Key (id)=(8df59fb7-1ea0-4d91-b1ea-41282aa183b6) is still referenced from table "invoices".
[SQL: DELETE FROM proposals WHERE proposals.id = $1::UUID AND proposals.organization_id = $2::UUID]
[parameters: (UUID('8df59fb7-1ea0-4d91-b1ea-41282aa183b6'), UUID('4384a92c-df41-444b-b34d-6c80e7820486'))]
(Background on this error at: https://sqlalche.me/e/20/gkpj)
2026-02-05 12:13:30 [ERROR] app.main: Unhandled exception on DELETE /api/v1/proposals/8df59fb7-1ea0-4d91-b1ea-41282aa183b6
Traceback (most recent call last):
  File "/Users/nicolasbertoni/safetasks-v3/backend/.venv/lib/python3.12/site-packages/sqlalchemy/dialects/postgresql/asyncpg.py", line 534, in _prepare_and_execute
    self._rows = deque(await prepared_stmt.fetch(*parameters))
                       ^^^^^^^^^^^^^^^^^^^^^^^^^^^^^^^^^^^^^^
  File "/Users/nicolasbertoni/safetasks-v3/backend/.venv/lib/python3.12/site-packages/asyncpg/prepared_stmt.py", line 176, in fetch
    data = await self.__bind_execute(args, 0, timeout)
           ^^^^^^^^^^^^^^^^^^^^^^^^^^^^^^^^^^^^^^^^^^^
  File "/Users/nicolasbertoni/safetasks-v3/backend/.venv/lib/python3.12/site-packages/asyncpg/prepared_stmt.py", line 267, in __bind_execute
    data, status, _ = await self.__do_execute(
                      ^^^^^^^^^^^^^^^^^^^^^^^^
  File "/Users/nicolasbertoni/safetasks-v3/backend/.venv/lib/python3.12/site-packages/asyncpg/prepared_stmt.py", line 256, in __do_execute
    return await executor(protocol)
           ^^^^^^^^^^^^^^^^^^^^^^^^
  File "asyncpg/protocol/protocol.pyx", line 206, in bind_execute
asyncpg.exceptions.ForeignKeyViolationError: update or delete on table "proposals" violates foreign key constraint "fk_invoices_proposal_id" on table "invoices"
DETAIL:  Key (id)=(8df59fb7-1ea0-4d91-b1ea-41282aa183b6) is still referenced from table "invoices".

The above exception was the direct cause of the following exception:

Traceback (most recent call last):
  File "/Users/nicolasbertoni/safetasks-v3/backend/.venv/lib/python3.12/site-packages/sqlalchemy/engine/base.py", line 1967, in _exec_single_context
    self.dialect.do_execute(
  File "/Users/nicolasbertoni/safetasks-v3/backend/.venv/lib/python3.12/site-packages/sqlalchemy/engine/default.py", line 941, in do_execute
    cursor.execute(statement, parameters)
  File "/Users/nicolasbertoni/safetasks-v3/backend/.venv/lib/python3.12/site-packages/sqlalchemy/dialects/postgresql/asyncpg.py", line 568, in execute
    self._adapt_connection.await_(
  File "/Users/nicolasbertoni/safetasks-v3/backend/.venv/lib/python3.12/site-packages/sqlalchemy/util/_concurrency_py3k.py", line 132, in await_only
    return current.parent.switch(awaitable)  # type: ignore[no-any-return,attr-defined] # noqa: E501
           ^^^^^^^^^^^^^^^^^^^^^^^^^^^^^^^^
  File "/Users/nicolasbertoni/safetasks-v3/backend/.venv/lib/python3.12/site-packages/sqlalchemy/util/_concurrency_py3k.py", line 196, in greenlet_spawn
    value = await result
            ^^^^^^^^^^^^
  File "/Users/nicolasbertoni/safetasks-v3/backend/.venv/lib/python3.12/site-packages/sqlalchemy/dialects/postgresql/asyncpg.py", line 546, in _prepare_and_execute
    self._handle_exception(error)
  File "/Users/nicolasbertoni/safetasks-v3/backend/.venv/lib/python3.12/site-packages/sqlalchemy/dialects/postgresql/asyncpg.py", line 497, in _handle_exception
    self._adapt_connection._handle_exception(error)
  File "/Users/nicolasbertoni/safetasks-v3/backend/.venv/lib/python3.12/site-packages/sqlalchemy/dialects/postgresql/asyncpg.py", line 780, in _handle_exception
    raise translated_error from error
sqlalchemy.dialects.postgresql.asyncpg.AsyncAdapt_asyncpg_dbapi.IntegrityError: <class 'asyncpg.exceptions.ForeignKeyViolationError'>: update or delete on table "proposals" violates foreign key constraint "fk_invoices_proposal_id" on table "invoices"
DETAIL:  Key (id)=(8df59fb7-1ea0-4d91-b1ea-41282aa183b6) is still referenced from table "invoices".

The above exception was the direct cause of the following exception:

Traceback (most recent call last):
  File "/Users/nicolasbertoni/safetasks-v3/backend/app/main.py", line 71, in log_requests
    response = await call_next(request)
               ^^^^^^^^^^^^^^^^^^^^^^^^
  File "/Users/nicolasbertoni/safetasks-v3/backend/.venv/lib/python3.12/site-packages/starlette/middleware/base.py", line 163, in call_next
    raise app_exc
  File "/Users/nicolasbertoni/safetasks-v3/backend/.venv/lib/python3.12/site-packages/starlette/middleware/base.py", line 149, in coro
    await self.app(scope, receive_or_disconnect, send_no_error)
  File "/Users/nicolasbertoni/safetasks-v3/backend/.venv/lib/python3.12/site-packages/starlette/middleware/exceptions.py", line 62, in __call__
    await wrap_app_handling_exceptions(self.app, conn)(scope, receive, send)
  File "/Users/nicolasbertoni/safetasks-v3/backend/.venv/lib/python3.12/site-packages/starlette/_exception_handler.py", line 53, in wrapped_app
    raise exc
  File "/Users/nicolasbertoni/safetasks-v3/backend/.venv/lib/python3.12/site-packages/starlette/_exception_handler.py", line 42, in wrapped_app
    await app(scope, receive, sender)
  File "/Users/nicolasbertoni/safetasks-v3/backend/.venv/lib/python3.12/site-packages/starlette/routing.py", line 715, in __call__
    await self.middleware_stack(scope, receive, send)
  File "/Users/nicolasbertoni/safetasks-v3/backend/.venv/lib/python3.12/site-packages/starlette/routing.py", line 735, in app
    await route.handle(scope, receive, send)
  File "/Users/nicolasbertoni/safetasks-v3/backend/.venv/lib/python3.12/site-packages/starlette/routing.py", line 288, in handle
    await self.app(scope, receive, send)
  File "/Users/nicolasbertoni/safetasks-v3/backend/.venv/lib/python3.12/site-packages/starlette/routing.py", line 76, in app
    await wrap_app_handling_exceptions(app, request)(scope, receive, send)
  File "/Users/nicolasbertoni/safetasks-v3/backend/.venv/lib/python3.12/site-packages/starlette/_exception_handler.py", line 53, in wrapped_app
    raise exc
  File "/Users/nicolasbertoni/safetasks-v3/backend/.venv/lib/python3.12/site-packages/starlette/_exception_handler.py", line 42, in wrapped_app
    await app(scope, receive, sender)
  File "/Users/nicolasbertoni/safetasks-v3/backend/.venv/lib/python3.12/site-packages/starlette/routing.py", line 73, in app
    response = await f(request)
               ^^^^^^^^^^^^^^^^
  File "/Users/nicolasbertoni/safetasks-v3/backend/.venv/lib/python3.12/site-packages/fastapi/routing.py", line 301, in app
    raw_response = await run_endpoint_function(
                   ^^^^^^^^^^^^^^^^^^^^^^^^^^^^
  File "/Users/nicolasbertoni/safetasks-v3/backend/.venv/lib/python3.12/site-packages/fastapi/routing.py", line 212, in run_endpoint_function
    return await dependant.call(**values)
           ^^^^^^^^^^^^^^^^^^^^^^^^^^^^^^
  File "/Users/nicolasbertoni/safetasks-v3/backend/app/api/v1/endpoints/proposals.py", line 183, in delete_proposal
    proposal = await proposal_service.remove(
               ^^^^^^^^^^^^^^^^^^^^^^^^^^^^^^
  File "/Users/nicolasbertoni/safetasks-v3/backend/app/modules/commercial/service.py", line 562, in remove
    await super().remove(db=db, organization_id=organization_id, id=id)
  File "/Users/nicolasbertoni/safetasks-v3/backend/app/services/base.py", line 142, in remove
    await db.execute(query)
  File "/Users/nicolasbertoni/safetasks-v3/backend/.venv/lib/python3.12/site-packages/sqlalchemy/ext/asyncio/session.py", line 461, in execute
    result = await greenlet_spawn(
             ^^^^^^^^^^^^^^^^^^^^^
  File "/Users/nicolasbertoni/safetasks-v3/backend/.venv/lib/python3.12/site-packages/sqlalchemy/util/_concurrency_py3k.py", line 201, in greenlet_spawn
    result = context.throw(*sys.exc_info())
             ^^^^^^^^^^^^^^^^^^^^^^^^^^^^^^
  File "/Users/nicolasbertoni/safetasks-v3/backend/.venv/lib/python3.12/site-packages/sqlalchemy/orm/session.py", line 2362, in execute
    return self._execute_internal(
           ^^^^^^^^^^^^^^^^^^^^^^^
  File "/Users/nicolasbertoni/safetasks-v3/backend/.venv/lib/python3.12/site-packages/sqlalchemy/orm/session.py", line 2247, in _execute_internal
    result: Result[Any] = compile_state_cls.orm_execute_statement(
                          ^^^^^^^^^^^^^^^^^^^^^^^^^^^^^^^^^^^^^^^^
  File "/Users/nicolasbertoni/safetasks-v3/backend/.venv/lib/python3.12/site-packages/sqlalchemy/orm/bulk_persistence.py", line 2021, in orm_execute_statement
    return super().orm_execute_statement(
           ^^^^^^^^^^^^^^^^^^^^^^^^^^^^^^
  File "/Users/nicolasbertoni/safetasks-v3/backend/.venv/lib/python3.12/site-packages/sqlalchemy/orm/context.py", line 305, in orm_execute_statement
    result = conn.execute(
             ^^^^^^^^^^^^^
  File "/Users/nicolasbertoni/safetasks-v3/backend/.venv/lib/python3.12/site-packages/sqlalchemy/engine/base.py", line 1418, in execute
    return meth(
           ^^^^^
  File "/Users/nicolasbertoni/safetasks-v3/backend/.venv/lib/python3.12/site-packages/sqlalchemy/sql/elements.py", line 515, in _execute_on_connection
    return connection._execute_clauseelement(
           ^^^^^^^^^^^^^^^^^^^^^^^^^^^^^^^^^^
  File "/Users/nicolasbertoni/safetasks-v3/backend/.venv/lib/python3.12/site-packages/sqlalchemy/engine/base.py", line 1640, in _execute_clauseelement
    ret = self._execute_context(
          ^^^^^^^^^^^^^^^^^^^^^^
  File "/Users/nicolasbertoni/safetasks-v3/backend/.venv/lib/python3.12/site-packages/sqlalchemy/engine/base.py", line 1846, in _execute_context
    return self._exec_single_context(
           ^^^^^^^^^^^^^^^^^^^^^^^^^^
  File "/Users/nicolasbertoni/safetasks-v3/backend/.venv/lib/python3.12/site-packages/sqlalchemy/engine/base.py", line 1986, in _exec_single_context
    self._handle_dbapi_exception(
  File "/Users/nicolasbertoni/safetasks-v3/backend/.venv/lib/python3.12/site-packages/sqlalchemy/engine/base.py", line 2355, in _handle_dbapi_exception
    raise sqlalchemy_exception.with_traceback(exc_info[2]) from e
  File "/Users/nicolasbertoni/safetasks-v3/backend/.venv/lib/python3.12/site-packages/sqlalchemy/engine/base.py", line 1967, in _exec_single_context
    self.dialect.do_execute(
  File "/Users/nicolasbertoni/safetasks-v3/backend/.venv/lib/python3.12/site-packages/sqlalchemy/engine/default.py", line 941, in do_execute
    cursor.execute(statement, parameters)
  File "/Users/nicolasbertoni/safetasks-v3/backend/.venv/lib/python3.12/site-packages/sqlalchemy/dialects/postgresql/asyncpg.py", line 568, in execute
    self._adapt_connection.await_(
  File "/Users/nicolasbertoni/safetasks-v3/backend/.venv/lib/python3.12/site-packages/sqlalchemy/util/_concurrency_py3k.py", line 132, in await_only
    return current.parent.switch(awaitable)  # type: ignore[no-any-return,attr-defined] # noqa: E501
           ^^^^^^^^^^^^^^^^^^^^^^^^^^^^^^^^
  File "/Users/nicolasbertoni/safetasks-v3/backend/.venv/lib/python3.12/site-packages/sqlalchemy/util/_concurrency_py3k.py", line 196, in greenlet_spawn
    value = await result
            ^^^^^^^^^^^^
  File "/Users/nicolasbertoni/safetasks-v3/backend/.venv/lib/python3.12/site-packages/sqlalchemy/dialects/postgresql/asyncpg.py", line 546, in _prepare_and_execute
    self._handle_exception(error)
  File "/Users/nicolasbertoni/safetasks-v3/backend/.venv/lib/python3.12/site-packages/sqlalchemy/dialects/postgresql/asyncpg.py", line 497, in _handle_exception
    self._adapt_connection._handle_exception(error)
  File "/Users/nicolasbertoni/safetasks-v3/backend/.venv/lib/python3.12/site-packages/sqlalchemy/dialects/postgresql/asyncpg.py", line 780, in _handle_exception
    raise translated_error from error
sqlalchemy.exc.IntegrityError: (sqlalchemy.dialects.postgresql.asyncpg.IntegrityError) <class 'asyncpg.exceptions.ForeignKeyViolationError'>: update or delete on table "proposals" violates foreign key constraint "fk_invoices_proposal_id" on table "invoices"
DETAIL:  Key (id)=(8df59fb7-1ea0-4d91-b1ea-41282aa183b6) is still referenced from table "invoices".
[SQL: DELETE FROM proposals WHERE proposals.id = $1::UUID AND proposals.organization_id = $2::UUID]
[parameters: (UUID('8df59fb7-1ea0-4d91-b1ea-41282aa183b6'), UUID('4384a92c-df41-444b-b34d-6c80e7820486'))]
(Background on this error at: https://sqlalche.me/e/20/gkpj)
