2026-02-05 02:36:47 [ERROR] app.api.v1.endpoints.stakeholders: Failed to create stakeholder: notify_expense_created() got an unexpected keyword argument 'project_name'
Traceback (most recent call last):
  File "/Users/nicolasbertoni/safetasks-v3/backend/app/api/v1/endpoints/stakeholders.py", line 184, in create_stakeholder
    await notify_expense_created(
          ^^^^^^^^^^^^^^^^^^^^^^^
TypeError: notify_expense_created() got an unexpected keyword argument 'project_name'
2026-02-05 02:40:50 [ERROR] app.api.v1.endpoints.stakeholders: Failed to create stakeholder: notify_expense_created() got an unexpected keyword argument 'project_name'
Traceback (most recent call last):
  File "/Users/nicolasbertoni/safetasks-v3/backend/app/api/v1/endpoints/stakeholders.py", line 184, in create_stakeholder
    await notify_expense_created(
          ^^^^^^^^^^^^^^^^^^^^^^^
TypeError: notify_expense_created() got an unexpected keyword argument 'project_name'
